INFO:  latexindent version 3.17.2, 2022-04-14, a script to indent .tex files
       latexindent lives here: /usr/share/texmf-dist/scripts/latexindent/
       Mon Feb 13 01:32:15 2023
       Reading input from STDIN
INFO:  Processing switches:
       -l|--localSettings: Read localSettings YAML file
       -m|--modifylinebreaks: modify line breaks
INFO:  Directory for backup files and indent.log:
       .
INFO:  YAML settings read: defaultSettings.yaml
       Reading defaultSettings.yaml from /usr/share/texmf-dist/scripts/latexindent/defaultSettings.yaml
INFO:  YAML settings read: indentconfig.yaml or .indentconfig.yaml
       Home directory is /home/lckdscl (didn't find either indentconfig.yaml or .indentconfig.yaml)
       To specify user settings you would put indentconfig.yaml here: /home/lckdscl/indentconfig.yaml
       Alternatively, you can use the hidden file .indentconfig.yaml as: /home/lckdscl/.indentconfig.yaml
INFO:  YAML settings read: -l switch
WARN:  yaml file not found: /home/lckdscl/downloads/textwrap.yaml not found. Proceeding without it.
INFO:  Phase 1: searching for objects
INFO:  Phase 2: finding surrounding indentation
INFO:  Phase 3: indenting objects
INFO:  Phase 4: final indentation check
INFO:  Output routine:
       Not outputting to file; see -w and -o switches for more options.
       --------------
INFO:  Please direct all communication/issues to:
        https://github.com/cmhughes/latexindent.pl
